Start testing: Sep 22 18:15 CEST
----------------------------------------------------------
1/11 Testing: Test SafeI16
1/11 Test: Test SafeI16
Command: "/Users/nikolas/Projects/SafeTypes/build/tests/UnitTests" "Test SafeI16"
Directory: /Users/nikolas/Projects/SafeTypes/build/tests
"Test SafeI16" start time: Sep 22 18:15 CEST
Output:
----------------------------------------------------------
Filters: "Test SafeI16"
Randomness seeded to: 1694076128
===============================================================================
All tests passed (23 assertions in 1 test case)

<end of output>
Test time =   0.01 sec
----------------------------------------------------------
Test Passed.
"Test SafeI16" end time: Sep 22 18:15 CEST
"Test SafeI16" time elapsed: 00:00:00
----------------------------------------------------------

2/11 Testing: Test SafeI32
2/11 Test: Test SafeI32
Command: "/Users/nikolas/Projects/SafeTypes/build/tests/UnitTests" "Test SafeI32"
Directory: /Users/nikolas/Projects/SafeTypes/build/tests
"Test SafeI32" start time: Sep 22 18:15 CEST
Output:
----------------------------------------------------------
Filters: "Test SafeI32"
Randomness seeded to: 2373614285
===============================================================================
All tests passed (23 assertions in 1 test case)

<end of output>
Test time =   0.01 sec
----------------------------------------------------------
Test Passed.
"Test SafeI32" end time: Sep 22 18:15 CEST
"Test SafeI32" time elapsed: 00:00:00
----------------------------------------------------------

3/11 Testing: Test SafeU16
3/11 Test: Test SafeU16
Command: "/Users/nikolas/Projects/SafeTypes/build/tests/UnitTests" "Test SafeU16"
Directory: /Users/nikolas/Projects/SafeTypes/build/tests
"Test SafeU16" start time: Sep 22 18:15 CEST
Output:
----------------------------------------------------------
Filters: "Test SafeU16"
Randomness seeded to: 896011451
===============================================================================
All tests passed (21 assertions in 1 test case)

<end of output>
Test time =   0.01 sec
----------------------------------------------------------
Test Passed.
"Test SafeU16" end time: Sep 22 18:15 CEST
"Test SafeU16" time elapsed: 00:00:00
----------------------------------------------------------

4/11 Testing: Test SafeU8
4/11 Test: Test SafeU8
Command: "/Users/nikolas/Projects/SafeTypes/build/tests/UnitTests" "Test SafeU8"
Directory: /Users/nikolas/Projects/SafeTypes/build/tests
"Test SafeU8" start time: Sep 22 18:15 CEST
Output:
----------------------------------------------------------
Filters: "Test SafeU8"
Randomness seeded to: 1045189398
===============================================================================
All tests passed (21 assertions in 1 test case)

<end of output>
Test time =   0.01 sec
----------------------------------------------------------
Test Passed.
"Test SafeU8" end time: Sep 22 18:15 CEST
"Test SafeU8" time elapsed: 00:00:00
----------------------------------------------------------

5/11 Testing: Test nh::SafeFloat
5/11 Test: Test nh::SafeFloat
Command: "/Users/nikolas/Projects/SafeTypes/build/tests/UnitTests" "Test nh::SafeFloat"
Directory: /Users/nikolas/Projects/SafeTypes/build/tests
"Test nh::SafeFloat" start time: Sep 22 18:15 CEST
Output:
----------------------------------------------------------
Filters: "Test nh::SafeFloat"
Randomness seeded to: 3159010607
===============================================================================
All tests passed (4 assertions in 1 test case)

<end of output>
Test time =   0.01 sec
----------------------------------------------------------
Test Passed.
"Test nh::SafeFloat" end time: Sep 22 18:15 CEST
"Test nh::SafeFloat" time elapsed: 00:00:00
----------------------------------------------------------

6/11 Testing: Test SafeI64
6/11 Test: Test SafeI64
Command: "/Users/nikolas/Projects/SafeTypes/build/tests/UnitTests" "Test SafeI64"
Directory: /Users/nikolas/Projects/SafeTypes/build/tests
"Test SafeI64" start time: Sep 22 18:15 CEST
Output:
----------------------------------------------------------
Filters: "Test SafeI64"
Randomness seeded to: 2245582257
===============================================================================
All tests passed (23 assertions in 1 test case)

<end of output>
Test time =   0.01 sec
----------------------------------------------------------
Test Passed.
"Test SafeI64" end time: Sep 22 18:15 CEST
"Test SafeI64" time elapsed: 00:00:00
----------------------------------------------------------

7/11 Testing: Test boolean
7/11 Test: Test boolean
Command: "/Users/nikolas/Projects/SafeTypes/build/tests/UnitTests" "Test boolean"
Directory: /Users/nikolas/Projects/SafeTypes/build/tests
"Test boolean" start time: Sep 22 18:15 CEST
Output:
----------------------------------------------------------
Filters: "Test boolean"
Randomness seeded to: 3630173039
===============================================================================
test cases: 1 | 1 passed
assertions: - none -

<end of output>
Test time =   0.01 sec
----------------------------------------------------------
Test Passed.
"Test boolean" end time: Sep 22 18:15 CEST
"Test boolean" time elapsed: 00:00:00
----------------------------------------------------------

8/11 Testing: Test SafeU32
8/11 Test: Test SafeU32
Command: "/Users/nikolas/Projects/SafeTypes/build/tests/UnitTests" "Test SafeU32"
Directory: /Users/nikolas/Projects/SafeTypes/build/tests
"Test SafeU32" start time: Sep 22 18:15 CEST
Output:
----------------------------------------------------------
Filters: "Test SafeU32"
Randomness seeded to: 2916664976
===============================================================================
All tests passed (21 assertions in 1 test case)

<end of output>
Test time =   0.01 sec
----------------------------------------------------------
Test Passed.
"Test SafeU32" end time: Sep 22 18:15 CEST
"Test SafeU32" time elapsed: 00:00:00
----------------------------------------------------------

9/11 Testing: Test SafeU64
9/11 Test: Test SafeU64
Command: "/Users/nikolas/Projects/SafeTypes/build/tests/UnitTests" "Test SafeU64"
Directory: /Users/nikolas/Projects/SafeTypes/build/tests
"Test SafeU64" start time: Sep 22 18:15 CEST
Output:
----------------------------------------------------------
Filters: "Test SafeU64"
Randomness seeded to: 2814681817
===============================================================================
All tests passed (21 assertions in 1 test case)

<end of output>
Test time =   0.01 sec
----------------------------------------------------------
Test Passed.
"Test SafeU64" end time: Sep 22 18:15 CEST
"Test SafeU64" time elapsed: 00:00:00
----------------------------------------------------------

10/11 Testing: Convert between integer types
10/11 Test: Convert between integer types
Command: "/Users/nikolas/Projects/SafeTypes/build/tests/UnitTests" "Convert between integer types"
Directory: /Users/nikolas/Projects/SafeTypes/build/tests
"Convert between integer types" start time: Sep 22 18:15 CEST
Output:
----------------------------------------------------------
Filters: "Convert between integer types"
Randomness seeded to: 4082319928
===============================================================================
test cases: 1 | 1 passed
assertions: - none -

<end of output>
Test time =   0.01 sec
----------------------------------------------------------
Test Passed.
"Convert between integer types" end time: Sep 22 18:15 CEST
"Convert between integer types" time elapsed: 00:00:00
----------------------------------------------------------

11/11 Testing: Test SafeI8
11/11 Test: Test SafeI8
Command: "/Users/nikolas/Projects/SafeTypes/build/tests/UnitTests" "Test SafeI8"
Directory: /Users/nikolas/Projects/SafeTypes/build/tests
"Test SafeI8" start time: Sep 22 18:15 CEST
Output:
----------------------------------------------------------
Filters: "Test SafeI8"
Randomness seeded to: 1083569640
===============================================================================
All tests passed (23 assertions in 1 test case)

<end of output>
Test time =   0.01 sec
----------------------------------------------------------
Test Passed.
"Test SafeI8" end time: Sep 22 18:15 CEST
"Test SafeI8" time elapsed: 00:00:00
----------------------------------------------------------

End testing: Sep 22 18:15 CEST
